11:15:00.235 [main                     ] DEBUG Logger               - Configured Logger
11:15:00.258 [main                     ] DEBUG GameApplication      - Logging settings
Title: Cinematic Combat - Manual Freeze
Version: 0.0
Width: 800
Height: 600
Fullscreen: false
Intro: false
Profiling: false
Single step:false
App Mode: DEVELOPER
Menu Key: ESCAPE
Stage Style: DECORATED
Scene Factory: class com.almasb.fxgl.app.scene.SceneFactory

11:15:01.072 [JavaFX Application Thread] DEBUG FXGLApplication      - Initializing FXGL
11:15:01.075 [JavaFX Application Thread] INFO  Engine               - FXGL-17.3 (30.03.2023 11.49) on WINDOWS (J:21.0.10 FX:20)
11:15:01.076 [JavaFX Application Thread] DEBUG Engine               - JRE Vendor Name: Eclipse Adoptium
11:15:01.076 [JavaFX Application Thread] DEBUG Engine               - Running on OS: Windows 10 version 10.0
11:15:01.076 [JavaFX Application Thread] DEBUG Engine               - Architecture: amd64
11:15:01.076 [JavaFX Application Thread] INFO  Engine               - Source code and latest versions at: https://github.com/AlmasB/FXGL
11:15:01.076 [JavaFX Application Thread] INFO  Engine               -       Ask questions and discuss at: https://github.com/AlmasB/FXGL/discussions
11:15:01.076 [JavaFX Application Thread] INFO  Engine               -              Join the FXGL chat at: https://gitter.im/AlmasB/FXGL
11:15:01.187 [JavaFX Application Thread] DEBUG PrimaryStageWindow   - Creating a JavaFX scene
11:15:01.235 [JavaFX Application Thread] DEBUG PrimaryStageWindow   - Target settings size: 800.0 x 600.0
11:15:01.235 [JavaFX Application Thread] DEBUG PrimaryStageWindow   - Scaled scene size:    800.0 x 600.0
11:15:01.235 [JavaFX Application Thread] DEBUG PrimaryStageWindow   - Scaled ratio: (1.0, 1.0)
11:15:01.236 [JavaFX Application Thread] DEBUG PrimaryStageWindow   - Set initial scene to FXGLStartupScene
11:15:01.239 [JavaFX Application Thread] DEBUG PrimaryStageWindow   - Opening main window
11:15:01.329 [JavaFX Application Thread] DEBUG PrimaryStageWindow   - Window border size: (14.4000244140625, 37.5999755859375)
11:15:01.329 [JavaFX Application Thread] DEBUG PrimaryStageWindow   - Scaled size: 800.0 x 600.0
11:15:01.330 [JavaFX Application Thread] DEBUG PrimaryStageWindow   - Scaled ratio: (1.0, 1.0)
11:15:01.330 [JavaFX Application Thread] DEBUG PrimaryStageWindow   - Scene size: 800.0 x 600.0
11:15:01.330 [JavaFX Application Thread] DEBUG PrimaryStageWindow   - Stage size: 814.4000244140625 x 637.5999755859375
11:15:01.337 [FXGL Background Thread 1 ] DEBUG Engine               - Initializing environment variables
11:15:01.385 [FXGL Background Thread 1 ] DEBUG FXGLAssetLoaderServi - User app class for loading assets: class pkg.FightPrototype
11:15:01.386 [FXGL Background Thread 1 ] DEBUG GameApplicationServi - Applying CSS: fxgl_dark.css
11:15:01.386 [FXGL Background Thread 1 ] DEBUG FXGLAssetLoaderServi - Loading from file system: jar:file:/C:/Users/User/.m2/repository/com/github/almasb/fxgl/17.3/fxgl-17.3.jar!/fxglassets/ui/css/fxgl_dark.css
11:15:01.427 [FXGL Background Thread 1 ] DEBUG GameApplicationServi - Initializing application scenes
11:15:01.463 [FXGL Background Thread 1 ] DEBUG GameWorld            - Game world initialized
11:15:01.523 [FXGL Background Thread 1 ] DEBUG PhysicsWorld         - Physics world initialized: appHeight=600, physics.ppm=50.0
11:15:01.524 [FXGL Background Thread 1 ] DEBUG PhysicsWorld         - Using strategy: BRUTE_FORCE
11:15:01.527 [FXGL Background Thread 1 ] DEBUG GameScene            - Game scene initialized: 800x600
11:15:01.539 [FXGL Background Thread 1 ] DEBUG FXGL.DefaultMenu     - createMenuBodyGameMenu()
11:15:01.554 [FXGL Background Thread 1 ] DEBUG FXGL.DefaultMenu     - createOptionsMenu()
11:15:01.565 [FXGL Background Thread 1 ] DEBUG FXGLAssetLoaderServi - Loading from file system: jar:file:/C:/Users/User/.m2/repository/com/github/almasb/fxgl/17.3/fxgl-17.3.jar!/fxglassets/textures/particles/smoke.png
11:15:01.657 [FXGL Background Thread 1 ] DEBUG FXGLAssetLoaderServi - Loading from file system: jar:file:/C:/Users/User/.m2/repository/com/github/almasb/fxgl/17.3/fxgl-17.3.jar!/fxglassets/textures/particles/trace_horizontal.png
11:15:01.683 [FXGL Background Thread 1 ] DEBUG GameApplicationServi - Application scenes initialized
11:15:01.698 [FXGL Background Thread 1 ] DEBUG SystemBundleService  - Loading FXGL system data
11:15:01.703 [FXGL Background Thread 1 ] DEBUG FileSystemAccess     - Reading from: C:\Users\User\eclipse-workspace-2\FightPrototype\system\fxgl.bundle
11:15:01.713 [FXGL Background Thread 1 ] DEBUG SystemBundleService  - Bundle FXGL: {}
11:15:01.713 [FXGL Background Thread 1 ] DEBUG UpdaterService       - Checking for updates
11:15:01.717 [FXGL Background Thread 4 ] DEBUG FXGLApplication      - Loading fonts
11:15:01.718 [FXGL Background Thread 4 ] DEBUG FXGLAssetLoaderServi - Loading from file system: jar:file:/C:/Users/User/.m2/repository/com/github/almasb/fxgl/17.3/fxgl-17.3.jar!/fxglassets/ui/fonts/VarelaRound-Regular.ttf
11:15:01.718 [FXGL Background Thread 1 ] DEBUG FXGLApplication      - Loading default localization
11:15:01.719 [FXGL Background Thread 1 ] DEBUG FXGLAssetLoaderServi - Loading from file system: jar:file:/C:/Users/User/.m2/repository/com/github/almasb/fxgl/17.3/fxgl-17.3.jar!/fxglassets/languages/english.lang
11:15:01.744 [FXGL Background Thread 1 ] INFO  FXGLApplication      - FXGL initialization took: 0.407 sec
11:15:01.752 [FXGL Background Thread 4 ] DEBUG FXGLAssetLoaderServi - Loading from file system: jar:file:/C:/Users/User/.m2/repository/com/github/almasb/fxgl/17.3/fxgl-17.3.jar!/fxglassets/ui/fonts/Abel-Regular.ttf
11:15:01.755 [JavaFX Application Thread] DEBUG Input                - Registered new binding: Jump - W
11:15:01.755 [JavaFX Application Thread] DEBUG Input                - Registered new binding: Left - A
11:15:01.756 [JavaFX Application Thread] DEBUG Input                - Registered new binding: Right - D
11:15:01.756 [FXGL Background Thread 4 ] DEBUG FXGLAssetLoaderServi - Loading from file system: jar:file:/C:/Users/User/.m2/repository/com/github/almasb/fxgl/17.3/fxgl-17.3.jar!/fxglassets/ui/fonts/TerminalLandMono-Regular.otf
11:15:01.756 [JavaFX Application Thread] DEBUG Input                - Registered new binding: QTE_I - I
11:15:01.756 [JavaFX Application Thread] DEBUG Input                - Registered new binding: QTE_O - O
11:15:01.757 [JavaFX Application Thread] DEBUG Input                - Registered new binding: QTE_P - P
11:15:01.759 [JavaFX Application Thread] DEBUG Input                - Registered new binding: Punch - LMB
11:15:01.760 [JavaFX Application Thread] DEBUG FXGLAssetLoaderServi - Loading from file system: jar:file:/C:/Users/User/.m2/repository/com/github/almasb/fxgl/17.3/fxgl-17.3.jar!/fxglassets/textures/fxgl_icon.png
11:15:01.760 [FXGL Background Thread 4 ] DEBUG FXGLAssetLoaderServi - Loading from file system: jar:file:/C:/Users/User/.m2/repository/com/github/almasb/fxgl/17.3/fxgl-17.3.jar!/fxglassets/ui/fonts/Courier-Prime.ttf
11:15:01.777 [JavaFX Application Thread] DEBUG FXGLAssetLoaderServi - Loading from file system: jar:file:/C:/Users/User/.m2/repository/com/github/almasb/fxgl/17.3/fxgl-17.3.jar!/fxglassets/textures/fxgl_default_cursor.png
11:15:01.780 [JavaFX Application Thread] DEBUG Input                - Registered new binding: Screenshot - CTRL+8
11:15:01.781 [JavaFX Application Thread] DEBUG Input                - Registered new binding: System info dump - CTRL+9
11:15:01.781 [JavaFX Application Thread] DEBUG Input                - Registered new binding: Restart - CTRL+R
11:15:01.782 [JavaFX Application Thread] DEBUG Input                - Registered new binding: Toggle Debug Camera - CTRL+7
11:15:01.785 [JavaFX Application Thread] DEBUG LoopRunner           - Starting loop
11:15:01.785 [JavaFX Application Thread] DEBUG LoopRunner           - Initializing JavaFX AnimationTimerLoop
11:15:01.787 [JavaFX Application Thread] DEBUG GameApplicationServi - Starting new game
11:15:01.787 [JavaFX Application Thread] DEBUG Input                - Clearing active input actions
11:15:01.796 [JavaFX Application Thread] DEBUG GameApplicationServi - Removing overlay from FXGLStartupScene and adding to FXGLLoadingScene
11:15:01.797 [JavaFX Application Thread] DEBUG PrimaryStageWindow   - FXGLStartupScene -> FXGLLoadingScene
11:15:01.797 [JavaFX Application Thread] DEBUG GameApplicationServi - Clearing previous game
11:15:01.797 [JavaFX Application Thread] DEBUG GameScene            - Clearing game scene
11:15:01.797 [JavaFX Application Thread] DEBUG GameWorld            - Clearing game world
11:15:01.797 [JavaFX Application Thread] DEBUG PhysicsWorld         - Clearing physics world
11:15:01.799 [FXGL Background Thread 4 ] DEBUG FXGLApplication      - Initializing game
11:15:01.799 [JavaFX Application Thread] DEBUG FXGLApplication      - Registering font factories with UI factory
11:15:01.823 [FXGL Background Thread 4 ] DEBUG FXGLAssetLoaderServi - Loading from file system: file:/C:/Users/User/eclipse-workspace-2/FightPrototype/target/classes/assets/textures/IDLE.png
11:15:01.829 [FXGL Background Thread 4 ] DEBUG FXGLAssetLoaderServi - Loading from file system: file:/C:/Users/User/eclipse-workspace-2/FightPrototype/target/classes/assets/textures/RUN.png
11:15:01.833 [FXGL Background Thread 4 ] DEBUG FXGLAssetLoaderServi - Loading from file system: file:/C:/Users/User/eclipse-workspace-2/FightPrototype/target/classes/assets/textures/ATTACK_1.png
11:15:01.861 [FXGL Background Thread 4 ] INFO  FXGLApplication      - Game initialization took: 0.061 sec
11:15:01.918 [JavaFX Application Thread] DEBUG Input                - Clearing active input actions
11:15:01.926 [JavaFX Application Thread] DEBUG GameApplicationServi - Removing overlay from FXGLLoadingScene and adding to GameScene
11:15:01.926 [JavaFX Application Thread] DEBUG PrimaryStageWindow   - FXGLLoadingScene -> GameScene
11:15:02.298 [FXGL Background Thread 2 ] INFO  UpdaterService       - Your current version:  17.3
11:15:02.299 [FXGL Background Thread 2 ] INFO  UpdaterService       - Latest stable version: 25
11:15:02.793 [JavaFX Application Thread] DEBUG FXGLApplication      - Exiting FXGL
11:15:02.793 [JavaFX Application Thread] DEBUG LoopRunner           - Stopping loop
11:15:02.793 [JavaFX Application Thread] DEBUG SystemBundleService  - Saving FXGL system data
11:15:02.795 [JavaFX Application Thread] DEBUG FileSystemAccess     - Writing to: C:\Users\User\eclipse-workspace-2\FightPrototype\system\fxgl.bundle
11:15:02.797 [JavaFX Application Thread] DEBUG Async                - Shutting down background threads
11:15:02.797 [JavaFX Application Thread] DEBUG PrimaryStageWindow   - Closing main window
11:15:02.807 [JavaFX Application Thread] DEBUG Logger               - Closing Logger
